Build started 3/5/2017 11:13:21 PM.
     1>Project "C:\Users\Victoria\Desktop\CSCE315\CSCE-315-Database-Project\YelpDataApplication\YelpDataApplication\YelpDataApplication.vcxproj" on node 2 (Build target(s)).
     1>ClCompile:
         C:\Program Files (x86)\Microsoft Visual Studio 14.0\VC\bin\CL.exe /c /ZI /nologo /W3 /WX- /sdl /Od /Oy- /D WIN32 /D _DEBUG /D _CONSOLE /D _UNICODE /D UNICODE /Gm /EHsc /RTC1 /MDd /GS /fp:precise /Zc:wchar_t /Zc:forScope /Zc:inline /Yu"stdafx.h" /Fp"Debug\YelpDataApplication.pch" /Fo"Debug\\" /Fd"Debug\vc140.pdb" /Gd /TP /analyze- /errorReport:prompt Application.cpp
         Application.cpp
     1>c:\users\victoria\desktop\csce315\csce-315-database-project\yelpdataapplication\yelpdataapplication\json.hpp(879): error C4579: 'nlohmann::detail::static_const<nlohmann::detail::to_json_fn>::value': in-class initialization for type 'const T' is not yet implemented; static member will remain uninitialized at runtime but use in constant-expressions is supported
                 with
                 [
                     T=nlohmann::detail::to_json_fn
                 ]
         c:\users\victoria\desktop\csce315\csce-315-database-project\yelpdataapplication\yelpdataapplication\json.hpp(890): note: see reference to class template instantiation 'nlohmann::detail::static_const<nlohmann::detail::to_json_fn>' being compiled
     1>c:\users\victoria\desktop\csce315\csce-315-database-project\yelpdataapplication\yelpdataapplication\json.hpp(879): error C2131: expression did not evaluate to a constant
         c:\users\victoria\desktop\csce315\csce-315-database-project\yelpdataapplication\yelpdataapplication\json.hpp(879): note: failure was caused by returning the address of or a reference to a temporary
     1>c:\users\victoria\desktop\csce315\csce-315-database-project\yelpdataapplication\yelpdataapplication\json.hpp(879): error C4579: 'nlohmann::detail::static_const<nlohmann::detail::from_json_fn>::value': in-class initialization for type 'const T' is not yet implemented; static member will remain uninitialized at runtime but use in constant-expressions is supported
                 with
                 [
                     T=nlohmann::detail::from_json_fn
                 ]
         c:\users\victoria\desktop\csce315\csce-315-database-project\yelpdataapplication\yelpdataapplication\json.hpp(891): note: see reference to class template instantiation 'nlohmann::detail::static_const<nlohmann::detail::from_json_fn>' being compiled
     1>c:\users\victoria\desktop\csce315\csce-315-database-project\yelpdataapplication\yelpdataapplication\json.hpp(7014): error C2784: '_Ty *std::begin(_Ty (&)[_Size]) noexcept': could not deduce template argument for '_Ty (&)[_Size]' from 'add_rvalue_reference<const ContiguousContainer>::type'
         c:\program files (x86)\microsoft visual studio 14.0\vc\include\xutility(1250): note: see declaration of 'std::begin'
         c:\program files (x86)\microsoft visual studio 14.0\vc\include\type_traits(761): note: see reference to class template instantiation 'nlohmann::basic_json<std::map,std::vector,std::string,bool,int64_t,uint64_t,double,std::allocator,nlohmann::adl_serializer>' being compiled
         c:\program files (x86)\microsoft visual studio 14.0\vc\include\type_traits(790): note: see reference to class template instantiation 'std::is_nothrow_constructible<_Ty,nlohmann::basic_json<std::map,std::vector,std::string,bool,int64_t,uint64_t,double,std::allocator,nlohmann::adl_serializer> &&>' being compiled
                 with
                 [
                     _Ty=nlohmann::json
                 ]
         c:\users\victoria\desktop\csce315\csce-315-database-project\yelpdataapplication\yelpdataapplication\json.hpp(13005): note: see reference to class template instantiation 'std::is_nothrow_move_constructible<nlohmann::json>' being compiled
     1>c:\users\victoria\desktop\csce315\csce-315-database-project\yelpdataapplication\yelpdataapplication\json.hpp(7014): error C2893: Failed to specialize function template 'unknown-type std::begin(const _Container &)'
         c:\users\victoria\desktop\csce315\csce-315-database-project\yelpdataapplication\yelpdataapplication\json.hpp(7014): note: With the following template arguments:
         c:\users\victoria\desktop\csce315\csce-315-database-project\yelpdataapplication\yelpdataapplication\json.hpp(7014): note: '_Container=add_rvalue_reference<const ContiguousContainer>::type'
     1>c:\users\victoria\desktop\csce315\csce-315-database-project\yelpdataapplication\yelpdataapplication\json.hpp(7014): error C2893: Failed to specialize function template 'unknown-type std::begin(_Container &)'
         c:\users\victoria\desktop\csce315\csce-315-database-project\yelpdataapplication\yelpdataapplication\json.hpp(7014): note: With the following template arguments:
         c:\users\victoria\desktop\csce315\csce-315-database-project\yelpdataapplication\yelpdataapplication\json.hpp(7014): note: '_Container=add_rvalue_reference<const ContiguousContainer>::type'
     1>c:\users\victoria\desktop\csce315\csce-315-database-project\yelpdataapplication\yelpdataapplication\json.hpp(7014): error C2784: 'const _Elem *std::begin(std::initializer_list<_Elem>) noexcept': could not deduce template argument for 'std::initializer_list<_Elem>' from 'add_rvalue_reference<const ContiguousContainer>::type'
         c:\program files (x86)\microsoft visual studio 14.0\vc\include\initializer_list(60): note: see declaration of 'std::begin'
     1>c:\users\victoria\desktop\csce315\csce-315-database-project\yelpdataapplication\yelpdataapplication\application.cpp(79): error C2665: 'nlohmann::basic_json<std::map,std::vector,std::string,bool,int64_t,uint64_t,double,std::allocator,nlohmann::adl_serializer>::parse': none of the 2 overloads could convert all the argument types
         c:\users\victoria\desktop\csce315\csce-315-database-project\yelpdataapplication\yelpdataapplication\json.hpp(6893): note: could be 'nlohmann::basic_json<std::map,std::vector,std::string,bool,int64_t,uint64_t,double,std::allocator,nlohmann::adl_serializer> nlohmann::basic_json<std::map,std::vector,std::string,bool,int64_t,uint64_t,double,std::allocator,nlohmann::adl_serializer>::parse(std::istream &&,const std::function<bool (int,nlohmann::basic_json<std::map,std::vector,std::string,bool,int64_t,uint64_t,double,std::allocator,nlohmann::adl_serializer>::parse_event_t,nlohmann::basic_json<std::map,std::vector,std::string,bool,int64_t,uint64_t,double,std::allocator,nlohmann::adl_serializer> &)>)'
         c:\users\victoria\desktop\csce315\csce-315-database-project\yelpdataapplication\yelpdataapplication\json.hpp(6884): note: or       'nlohmann::basic_json<std::map,std::vector,std::string,bool,int64_t,uint64_t,double,std::allocator,nlohmann::adl_serializer> nlohmann::basic_json<std::map,std::vector,std::string,bool,int64_t,uint64_t,double,std::allocator,nlohmann::adl_serializer>::parse(std::istream &,const std::function<bool (int,nlohmann::basic_json<std::map,std::vector,std::string,bool,int64_t,uint64_t,double,std::allocator,nlohmann::adl_serializer>::parse_event_t,nlohmann::basic_json<std::map,std::vector,std::string,bool,int64_t,uint64_t,double,std::allocator,nlohmann::adl_serializer> &)>)'
         c:\users\victoria\desktop\csce315\csce-315-database-project\yelpdataapplication\yelpdataapplication\application.cpp(79): note: while trying to match the argument list '(std::string)'
     1>c:\users\victoria\desktop\csce315\csce-315-database-project\yelpdataapplication\yelpdataapplication\application.cpp(81): error C3536: 'business': cannot be used before it is initialized
     1>c:\users\victoria\desktop\csce315\csce-315-database-project\yelpdataapplication\yelpdataapplication\application.cpp(93): error C2679: binary '=': no operator found which takes a right-hand operand of type 'const char' (or there is no acceptable conversion)
         c:\program files (x86)\microsoft visual studio 14.0\vc\include\vector(978): note: could be 'std::vector<std::string,std::allocator<_Ty>> &std::vector<_Ty,std::allocator<_Ty>>::operator =(const std::vector<_Ty,std::allocator<_Ty>> &)'
                 with
                 [
                     _Ty=std::string
                 ]
         c:\program files (x86)\microsoft visual studio 14.0\vc\include\vector(956): note: or       'std::vector<std::string,std::allocator<_Ty>> &std::vector<_Ty,std::allocator<_Ty>>::operator =(std::initializer_list<std::basic_string<char,std::char_traits<char>,std::allocator<char>>>)'
                 with
                 [
                     _Ty=std::string
                 ]
         c:\program files (x86)\microsoft visual studio 14.0\vc\include\vector(850): note: or       'std::vector<std::string,std::allocator<_Ty>> &std::vector<_Ty,std::allocator<_Ty>>::operator =(std::vector<_Ty,std::allocator<_Ty>> &&) noexcept(<expr>)'
                 with
                 [
                     _Ty=std::string
                 ]
         c:\users\victoria\desktop\csce315\csce-315-database-project\yelpdataapplication\yelpdataapplication\application.cpp(93): note: while trying to match the argument list '(std::vector<std::string,std::allocator<_Ty>>, const char)'
                 with
                 [
                     _Ty=std::string
                 ]
     1>c:\users\victoria\desktop\csce315\csce-315-database-project\yelpdataapplication\yelpdataapplication\application.cpp(94): error C2679: binary '=': no operator found which takes a right-hand operand of type 'const char' (or there is no acceptable conversion)
         c:\program files (x86)\microsoft visual studio 14.0\vc\include\vector(978): note: could be 'std::vector<std::string,std::allocator<_Ty>> &std::vector<_Ty,std::allocator<_Ty>>::operator =(const std::vector<_Ty,std::allocator<_Ty>> &)'
                 with
                 [
                     _Ty=std::string
                 ]
         c:\program files (x86)\microsoft visual studio 14.0\vc\include\vector(956): note: or       'std::vector<std::string,std::allocator<_Ty>> &std::vector<_Ty,std::allocator<_Ty>>::operator =(std::initializer_list<std::basic_string<char,std::char_traits<char>,std::allocator<char>>>)'
                 with
                 [
                     _Ty=std::string
                 ]
         c:\program files (x86)\microsoft visual studio 14.0\vc\include\vector(850): note: or       'std::vector<std::string,std::allocator<_Ty>> &std::vector<_Ty,std::allocator<_Ty>>::operator =(std::vector<_Ty,std::allocator<_Ty>> &&) noexcept(<expr>)'
                 with
                 [
                     _Ty=std::string
                 ]
         c:\users\victoria\desktop\csce315\csce-315-database-project\yelpdataapplication\yelpdataapplication\application.cpp(94): note: while trying to match the argument list '(std::vector<std::string,std::allocator<_Ty>>, const char)'
                 with
                 [
                     _Ty=std::string
                 ]
     1>c:\users\victoria\desktop\csce315\csce-315-database-project\yelpdataapplication\yelpdataapplication\application.cpp(95): error C2679: binary '=': no operator found which takes a right-hand operand of type 'const char' (or there is no acceptable conversion)
         c:\program files (x86)\microsoft visual studio 14.0\vc\include\vector(978): note: could be 'std::vector<std::string,std::allocator<_Ty>> &std::vector<_Ty,std::allocator<_Ty>>::operator =(const std::vector<_Ty,std::allocator<_Ty>> &)'
                 with
                 [
                     _Ty=std::string
                 ]
         c:\program files (x86)\microsoft visual studio 14.0\vc\include\vector(956): note: or       'std::vector<std::string,std::allocator<_Ty>> &std::vector<_Ty,std::allocator<_Ty>>::operator =(std::initializer_list<std::basic_string<char,std::char_traits<char>,std::allocator<char>>>)'
                 with
                 [
                     _Ty=std::string
                 ]
         c:\program files (x86)\microsoft visual studio 14.0\vc\include\vector(850): note: or       'std::vector<std::string,std::allocator<_Ty>> &std::vector<_Ty,std::allocator<_Ty>>::operator =(std::vector<_Ty,std::allocator<_Ty>> &&) noexcept(<expr>)'
                 with
                 [
                     _Ty=std::string
                 ]
         c:\users\victoria\desktop\csce315\csce-315-database-project\yelpdataapplication\yelpdataapplication\application.cpp(95): note: while trying to match the argument list '(std::vector<std::string,std::allocator<_Ty>>, const char)'
                 with
                 [
                     _Ty=std::string
                 ]
     1>c:\users\victoria\desktop\csce315\csce-315-database-project\yelpdataapplication\yelpdataapplication\application.cpp(116): error C2665: 'nlohmann::basic_json<std::map,std::vector,std::string,bool,int64_t,uint64_t,double,std::allocator,nlohmann::adl_serializer>::parse': none of the 2 overloads could convert all the argument types
         c:\users\victoria\desktop\csce315\csce-315-database-project\yelpdataapplication\yelpdataapplication\json.hpp(6893): note: could be 'nlohmann::basic_json<std::map,std::vector,std::string,bool,int64_t,uint64_t,double,std::allocator,nlohmann::adl_serializer> nlohmann::basic_json<std::map,std::vector,std::string,bool,int64_t,uint64_t,double,std::allocator,nlohmann::adl_serializer>::parse(std::istream &&,const std::function<bool (int,nlohmann::basic_json<std::map,std::vector,std::string,bool,int64_t,uint64_t,double,std::allocator,nlohmann::adl_serializer>::parse_event_t,nlohmann::basic_json<std::map,std::vector,std::string,bool,int64_t,uint64_t,double,std::allocator,nlohmann::adl_serializer> &)>)'
         c:\users\victoria\desktop\csce315\csce-315-database-project\yelpdataapplication\yelpdataapplication\json.hpp(6884): note: or       'nlohmann::basic_json<std::map,std::vector,std::string,bool,int64_t,uint64_t,double,std::allocator,nlohmann::adl_serializer> nlohmann::basic_json<std::map,std::vector,std::string,bool,int64_t,uint64_t,double,std::allocator,nlohmann::adl_serializer>::parse(std::istream &,const std::function<bool (int,nlohmann::basic_json<std::map,std::vector,std::string,bool,int64_t,uint64_t,double,std::allocator,nlohmann::adl_serializer>::parse_event_t,nlohmann::basic_json<std::map,std::vector,std::string,bool,int64_t,uint64_t,double,std::allocator,nlohmann::adl_serializer> &)>)'
         c:\users\victoria\desktop\csce315\csce-315-database-project\yelpdataapplication\yelpdataapplication\application.cpp(116): note: while trying to match the argument list '(std::string)'
     1>c:\users\victoria\desktop\csce315\csce-315-database-project\yelpdataapplication\yelpdataapplication\application.cpp(118): error C3536: 'user': cannot be used before it is initialized
     1>c:\users\victoria\desktop\csce315\csce-315-database-project\yelpdataapplication\yelpdataapplication\application.cpp(122): error C2679: binary '=': no operator found which takes a right-hand operand of type 'const char' (or there is no acceptable conversion)
         c:\program files (x86)\microsoft visual studio 14.0\vc\include\vector(978): note: could be 'std::vector<std::string,std::allocator<_Ty>> &std::vector<_Ty,std::allocator<_Ty>>::operator =(const std::vector<_Ty,std::allocator<_Ty>> &)'
                 with
                 [
                     _Ty=std::string
                 ]
         c:\program files (x86)\microsoft visual studio 14.0\vc\include\vector(956): note: or       'std::vector<std::string,std::allocator<_Ty>> &std::vector<_Ty,std::allocator<_Ty>>::operator =(std::initializer_list<std::basic_string<char,std::char_traits<char>,std::allocator<char>>>)'
                 with
                 [
                     _Ty=std::string
                 ]
         c:\program files (x86)\microsoft visual studio 14.0\vc\include\vector(850): note: or       'std::vector<std::string,std::allocator<_Ty>> &std::vector<_Ty,std::allocator<_Ty>>::operator =(std::vector<_Ty,std::allocator<_Ty>> &&) noexcept(<expr>)'
                 with
                 [
                     _Ty=std::string
                 ]
         c:\users\victoria\desktop\csce315\csce-315-database-project\yelpdataapplication\yelpdataapplication\application.cpp(122): note: while trying to match the argument list '(std::vector<std::string,std::allocator<_Ty>>, const char)'
                 with
                 [
                     _Ty=std::string
                 ]
     1>c:\users\victoria\desktop\csce315\csce-315-database-project\yelpdataapplication\yelpdataapplication\application.cpp(127): error C2679: binary '=': no operator found which takes a right-hand operand of type 'const char' (or there is no acceptable conversion)
         c:\program files (x86)\microsoft visual studio 14.0\vc\include\vector(978): note: could be 'std::vector<std::string,std::allocator<_Ty>> &std::vector<_Ty,std::allocator<_Ty>>::operator =(const std::vector<_Ty,std::allocator<_Ty>> &)'
                 with
                 [
                     _Ty=std::string
                 ]
         c:\program files (x86)\microsoft visual studio 14.0\vc\include\vector(956): note: or       'std::vector<std::string,std::allocator<_Ty>> &std::vector<_Ty,std::allocator<_Ty>>::operator =(std::initializer_list<std::basic_string<char,std::char_traits<char>,std::allocator<char>>>)'
                 with
                 [
                     _Ty=std::string
                 ]
         c:\program files (x86)\microsoft visual studio 14.0\vc\include\vector(850): note: or       'std::vector<std::string,std::allocator<_Ty>> &std::vector<_Ty,std::allocator<_Ty>>::operator =(std::vector<_Ty,std::allocator<_Ty>> &&) noexcept(<expr>)'
                 with
                 [
                     _Ty=std::string
                 ]
         c:\users\victoria\desktop\csce315\csce-315-database-project\yelpdataapplication\yelpdataapplication\application.cpp(127): note: while trying to match the argument list '(std::vector<std::string,std::allocator<_Ty>>, const char)'
                 with
                 [
                     _Ty=std::string
                 ]
     1>c:\users\victoria\desktop\csce315\csce-315-database-project\yelpdataapplication\yelpdataapplication\application.cpp(159): error C2665: 'nlohmann::basic_json<std::map,std::vector,std::string,bool,int64_t,uint64_t,double,std::allocator,nlohmann::adl_serializer>::parse': none of the 2 overloads could convert all the argument types
         c:\users\victoria\desktop\csce315\csce-315-database-project\yelpdataapplication\yelpdataapplication\json.hpp(6893): note: could be 'nlohmann::basic_json<std::map,std::vector,std::string,bool,int64_t,uint64_t,double,std::allocator,nlohmann::adl_serializer> nlohmann::basic_json<std::map,std::vector,std::string,bool,int64_t,uint64_t,double,std::allocator,nlohmann::adl_serializer>::parse(std::istream &&,const std::function<bool (int,nlohmann::basic_json<std::map,std::vector,std::string,bool,int64_t,uint64_t,double,std::allocator,nlohmann::adl_serializer>::parse_event_t,nlohmann::basic_json<std::map,std::vector,std::string,bool,int64_t,uint64_t,double,std::allocator,nlohmann::adl_serializer> &)>)'
         c:\users\victoria\desktop\csce315\csce-315-database-project\yelpdataapplication\yelpdataapplication\json.hpp(6884): note: or       'nlohmann::basic_json<std::map,std::vector,std::string,bool,int64_t,uint64_t,double,std::allocator,nlohmann::adl_serializer> nlohmann::basic_json<std::map,std::vector,std::string,bool,int64_t,uint64_t,double,std::allocator,nlohmann::adl_serializer>::parse(std::istream &,const std::function<bool (int,nlohmann::basic_json<std::map,std::vector,std::string,bool,int64_t,uint64_t,double,std::allocator,nlohmann::adl_serializer>::parse_event_t,nlohmann::basic_json<std::map,std::vector,std::string,bool,int64_t,uint64_t,double,std::allocator,nlohmann::adl_serializer> &)>)'
         c:\users\victoria\desktop\csce315\csce-315-database-project\yelpdataapplication\yelpdataapplication\application.cpp(159): note: while trying to match the argument list '(std::string)'
     1>c:\users\victoria\desktop\csce315\csce-315-database-project\yelpdataapplication\yelpdataapplication\application.cpp(161): error C3536: 'review': cannot be used before it is initialized
     1>Done Building Project "C:\Users\Victoria\Desktop\CSCE315\CSCE-315-Database-Project\YelpDataApplication\YelpDataApplication\YelpDataApplication.vcxproj" (Build target(s)) -- FAILED.

Build FAILED.

Time Elapsed 00:00:00.92
