<<<<<<< Updated upstream
﻿  Record.cpp
  Database.vcxproj -> C:\Users\Hernandez-TAMU\Desktop\CSCE315\CSCE-315-Database-Project\Database\Debug\Database.dll
  Database.vcxproj -> C:\Users\Hernandez-TAMU\Desktop\CSCE315\CSCE-315-Database-Project\Database\Debug\Database.pdb (Full PDB)
=======
﻿Build started 2/15/2017 6:07:01 PM.
     1>Project "C:\Users\Victoria\Desktop\CSCE315\CSCE-315-Database-Project\Database\Database\Database.vcxproj" on node 2 (Build target(s)).
     1>ClCompile:
         C:\Program Files (x86)\Microsoft Visual Studio 14.0\VC\bin\CL.exe /c /ZI /nologo /W3 /WX- /sdl /Od /Oy- /D WIN32 /D _DEBUG /D _WINDOWS /D _USRDLL /D DATABASE_EXPORTS /D _WINDLL /D _UNICODE /D UNICODE /Gm /EHsc /RTC1 /MDd /GS /fp:precise /Zc:wchar_t /Zc:forScope /Zc:inline /Yu"stdafx.h" /Fp"Debug\Database.pch" /Fo"Debug\\" /Fd"Debug\vc140.pdb" /Gd /TP /FIstdafx.h /analyze- /errorReport:prompt Database.cpp Query.cpp Record.cpp Table.cpp
         Query.cpp
     1>c:\users\victoria\desktop\csce315\csce-315-database-project\database\database\query.cpp(26): warning C4018: '<': signed/unsigned mismatch
         Generating Code...
         Compiling...
         Table.cpp
         Record.cpp
         Database.cpp
         Generating Code...
         C:\Program Files (x86)\Microsoft Visual Studio 14.0\VC\bin\CL.exe /c /ZI /nologo /W3 /WX- /sdl /Od /Oy- /D WIN32 /D _DEBUG /D _WINDOWS /D _USRDLL /D DATABASE_EXPORTS /D _WINDLL /D _UNICODE /D UNICODE /Gm /EHsc /RTC1 /MDd /GS /fp:precise /Zc:wchar_t /Zc:forScope /Zc:inline /Fo"Debug\\" /Fd"Debug\vc140.pdb" /Gd /TP /FIstdafx.h /analyze- /errorReport:prompt dllmain.cpp
         dllmain.cpp
       Link:
         C:\Program Files (x86)\Microsoft Visual Studio 14.0\VC\bin\link.exe /ERRORREPORT:PROMPT /OUT:"C:\Users\Victoria\Desktop\CSCE315\CSCE-315-Database-Project\Database\Debug\Database.dll" /INCREMENTAL /NOLOGO kernel32.lib user32.lib gdi32.lib winspool.lib comdlg32.lib advapi32.lib shell32.lib ole32.lib oleaut32.lib uuid.lib odbc32.lib odbccp32.lib /MANIFEST /MANIFESTUAC:"level='asInvoker' uiAccess='false'" /manifest:embed /Debug /PDB:"C:\Users\Victoria\Desktop\CSCE315\CSCE-315-Database-Project\Database\Debug\Database.pdb" /SUBSYSTEM:WINDOWS /TLBID:1 /DYNAMICBASE /NXCOMPAT /IMPLIB:"C:\Users\Victoria\Desktop\CSCE315\CSCE-315-Database-Project\Database\Debug\Database.lib" /MACHINE:X86 /DLL Debug\Database.obj
         Debug\dllmain.obj
         Debug\Query.obj
         Debug\Record.obj
         Debug\stdafx.obj
         Debug\Table.obj
            Creating library C:\Users\Victoria\Desktop\CSCE315\CSCE-315-Database-Project\Database\Debug\Database.lib and object C:\Users\Victoria\Desktop\CSCE315\CSCE-315-Database-Project\Database\Debug\Database.exp
     1>Database.obj : error LNK2001: unresolved external symbol "private: static class std::map<class std::basic_string<char,struct std::char_traits<char>,class std::allocator<char> >,class Database::Table,struct std::less<class std::basic_string<char,struct std::char_traits<char>,class std::allocator<char> > >,class std::allocator<struct std::pair<class std::basic_string<char,struct std::char_traits<char>,class std::allocator<char> > const ,class Database::Table> > > Database::Database::databaseTables" (?databaseTables@Database@1@0V?$map@V?$basic_string@DU?$char_traits@D@std@@V?$allocator@D@2@@std@@VTable@Database@@U?$less@V?$basic_string@DU?$char_traits@D@std@@V?$allocator@D@2@@std@@@2@V?$allocator@U?$pair@$$CBV?$basic_string@DU?$char_traits@D@std@@V?$allocator@D@2@@std@@VTable@Database@@@std@@@2@@std@@A)
     1>Query.obj : error LNK2001: unresolved external symbol "private: static class std::map<class std::basic_string<char,struct std::char_traits<char>,class std::allocator<char> >,class Database::Table,struct std::less<class std::basic_string<char,struct std::char_traits<char>,class std::allocator<char> > >,class std::allocator<struct std::pair<class std::basic_string<char,struct std::char_traits<char>,class std::allocator<char> > const ,class Database::Table> > > Database::Database::databaseTables" (?databaseTables@Database@1@0V?$map@V?$basic_string@DU?$char_traits@D@std@@V?$allocator@D@2@@std@@VTable@Database@@U?$less@V?$basic_string@DU?$char_traits@D@std@@V?$allocator@D@2@@std@@@2@V?$allocator@U?$pair@$$CBV?$basic_string@DU?$char_traits@D@std@@V?$allocator@D@2@@std@@VTable@Database@@@std@@@2@@std@@A)
     1>C:\Users\Victoria\Desktop\CSCE315\CSCE-315-Database-Project\Database\Debug\Database.dll : fatal error LNK1120: 1 unresolved externals
     1>Done Building Project "C:\Users\Victoria\Desktop\CSCE315\CSCE-315-Database-Project\Database\Database\Database.vcxproj" (Build target(s)) -- FAILED.

Build FAILED.

Time Elapsed 00:00:05.62
>>>>>>> Stashed changes
